Using pre-set license
Built from '2020.3/staging' branch; Version is '2020.3.11f1 (99c7afb366b3) revision 10078127'; Using compiler version '192528614'; Build Type 'Release'
OS: 'Windows 10 Home Single Language; OS build 19043.985; Version 2009; 64bit' Language: 'en' Physical Memory: 7976 MB
BatchMode: 1, IsHumanControllingUs: 0, StartBugReporterOnCrash: 0, Is64bit: 1, IsPro: 0

 COMMAND LINE ARGUMENTS:
C:\Program Files\Unity\Hub\Editor\2020.3.11f1\Editor\Unity.exe
-adb2
-batchMode
-noUpm
-name
AssetImportWorker0
-projectPath
C:/Users/nizak/Projects/Sutai
-logFile
Logs/AssetImportWorker0.log
-srvPort
55897
Successfully changed project path to: C:/Users/nizak/Projects/Sutai
C:/Users/nizak/Projects/Sutai
Using Asset Import Pipeline V2.
Refreshing native plugins compatible for Editor in 204.08 ms, found 3 plugins.
Preloading 0 native plugins for Editor in 0.00 ms.
Initialize engine version: 2020.3.11f1 (99c7afb366b3)
[Subsystems] Discovering subsystems at path C:/Program Files/Unity/Hub/Editor/2020.3.11f1/Editor/Data/Resources/UnitySubsystems
[Subsystems] Discovering subsystems at path C:/Users/nizak/Projects/Sutai/Assets
GfxDevice: creating device client; threaded=0
Direct3D:
    Version:  Direct3D 11.0 [level 11.1]
    Renderer: NVIDIA GeForce MX230 (ID=0x1d11)
    Vendor:   
    VRAM:     1984 MB
    Driver:   27.21.14.6663
Shader 'Universal Render Pipeline/Particles/Lit': fallback shader 'Universal Render Pipeline/Particles/SimpleLit' not found
Initialize mono
Mono path[0] = 'C:/Program Files/Unity/Hub/Editor/2020.3.11f1/Editor/Data/Managed'
Mono path[1] = 'C:/Program Files/Unity/Hub/Editor/2020.3.11f1/Editor/Data/MonoBleedingEdge/lib/mono/unityjit'
Mono config path = 'C:/Program Files/Unity/Hub/Editor/2020.3.11f1/Editor/Data/MonoBleedingEdge/etc'
Using monoOptions --debugger-agent=transport=dt_socket,embedding=1,server=y,suspend=n,address=127.0.0.1:56820
Begin MonoManager ReloadAssembly
Registering precompiled unity dll's ...
Register platform support module: C:/Program Files/Unity/Hub/Editor/2020.3.11f1/Editor/Data/PlaybackEngines/WindowsStandaloneSupport/UnityEditor.WindowsStandalone.Extensions.dll
Registered in 0.003350 seconds.
Native extension for WindowsStandalone target not found
Refreshing native plugins compatible for Editor in 150.92 ms, found 3 plugins.
Preloading 0 native plugins for Editor in 0.00 ms.
Mono: successfully reloaded assembly
- Completed reload, in  5.150 seconds
Platform modules already initialized, skipping
Registering precompiled user dll's ...
Registered in 0.023466 seconds.
Begin MonoManager ReloadAssembly
Native extension for WindowsStandalone target not found
Refreshing native plugins compatible for Editor in 159.54 ms, found 3 plugins.
Preloading 0 native plugins for Editor in 0.00 ms.
Mono: successfully reloaded assembly
- Completed reload, in  2.692 seconds
Platform modules already initialized, skipping
========================================================================
Worker process is ready to serve import requests
Shader 'Universal Render Pipeline/Particles/Lit': fallback shader 'Universal Render Pipeline/Particles/SimpleLit' not found
Launched and connected shader compiler UnityShaderCompiler.exe after 0.10 seconds
Refreshing native plugins compatible for Editor in 3.82 ms, found 3 plugins.
Preloading 0 native plugins for Editor in 0.00 ms.
Unloading 3813 Unused Serialized files (Serialized files now loaded: 0)
System memory in use before: 158.5 MB.
System memory in use after: 158.7 MB.

Unloading 102 unused Assets to reduce memory usage. Loaded Objects now: 4185.
Total: 8.046600 ms (FindLiveObjects: 0.891900 ms CreateObjectMapping: 0.650900 ms MarkObjects: 6.272300 ms  DeleteObjects: 0.228500 ms)

========================================================================
Received Import Request.
  path: Assets/Scenes
  artifactKey: Guid(6af714b9b76908949a2e97d4312e2c24) Importer(815301076,1909f56bfc062723c751e8b465ee728b)
Start importing Assets/Scenes using Guid(6af714b9b76908949a2e97d4312e2c24) Importer(815301076,1909f56bfc062723c751e8b465ee728b)  -> (artifact id: 'cef13fa3173cc2e8ccc585b773ad965b') in 0.034126 seconds
  Import took 0.049657 seconds .

========================================================================
Received Import Request.
  Time since last request: 0.000611 seconds.
  path: Assets/Scenes/Gameplay.unity
  artifactKey: Guid(f415eb7de1914524dba368871119064a) Importer(815301076,1909f56bfc062723c751e8b465ee728b)
Start importing Assets/Scenes/Gameplay.unity using Guid(f415eb7de1914524dba368871119064a) Importer(815301076,1909f56bfc062723c751e8b465ee728b)  -> (artifact id: '09040a4227522c995a42f6d95cf193c1') in 0.035585 seconds
  Import took 0.053563 seconds .

AssetImportWorkerClient::OnTransportError - code=2 error=End of file
