Using pre-set license
Built from '2020.3/staging' branch; Version is '2020.3.11f1 (99c7afb366b3) revision 10078127'; Using compiler version '192528614'; Build Type 'Release'
OS: 'Windows 10 Home Single Language; OS build 19043.985; Version 2009; 64bit' Language: 'en' Physical Memory: 7976 MB
BatchMode: 1, IsHumanControllingUs: 0, StartBugReporterOnCrash: 0, Is64bit: 1, IsPro: 0

 COMMAND LINE ARGUMENTS:
C:\Program Files\Unity\Hub\Editor\2020.3.11f1\Editor\Unity.exe
-adb2
-batchMode
-noUpm
-name
AssetImportWorker0
-projectPath
C:/Users/nizak/Projects/Sutai
-logFile
Logs/AssetImportWorker0.log
-srvPort
63303
Successfully changed project path to: C:/Users/nizak/Projects/Sutai
C:/Users/nizak/Projects/Sutai
Using Asset Import Pipeline V2.
Refreshing native plugins compatible for Editor in 181.26 ms, found 3 plugins.
Preloading 0 native plugins for Editor in 0.00 ms.
Initialize engine version: 2020.3.11f1 (99c7afb366b3)
[Subsystems] Discovering subsystems at path C:/Program Files/Unity/Hub/Editor/2020.3.11f1/Editor/Data/Resources/UnitySubsystems
[Subsystems] Discovering subsystems at path C:/Users/nizak/Projects/Sutai/Assets
GfxDevice: creating device client; threaded=0
Direct3D:
    Version:  Direct3D 11.0 [level 11.1]
    Renderer: NVIDIA GeForce MX230 (ID=0x1d11)
    Vendor:   
    VRAM:     1984 MB
    Driver:   27.21.14.6663
Shader 'Universal Render Pipeline/Particles/Lit': fallback shader 'Universal Render Pipeline/Particles/SimpleLit' not found
Initialize mono
Mono path[0] = 'C:/Program Files/Unity/Hub/Editor/2020.3.11f1/Editor/Data/Managed'
Mono path[1] = 'C:/Program Files/Unity/Hub/Editor/2020.3.11f1/Editor/Data/MonoBleedingEdge/lib/mono/unityjit'
Mono config path = 'C:/Program Files/Unity/Hub/Editor/2020.3.11f1/Editor/Data/MonoBleedingEdge/etc'
Using monoOptions --debugger-agent=transport=dt_socket,embedding=1,server=y,suspend=n,address=127.0.0.1:56604
Begin MonoManager ReloadAssembly
Registering precompiled unity dll's ...
Register platform support module: C:/Program Files/Unity/Hub/Editor/2020.3.11f1/Editor/Data/PlaybackEngines/WindowsStandaloneSupport/UnityEditor.WindowsStandalone.Extensions.dll
Registered in 0.003330 seconds.
Native extension for WindowsStandalone target not found
Refreshing native plugins compatible for Editor in 194.30 ms, found 3 plugins.
Preloading 0 native plugins for Editor in 0.00 ms.
Mono: successfully reloaded assembly
- Completed reload, in  3.599 seconds
Platform modules already initialized, skipping
Registering precompiled user dll's ...
Registered in 0.014382 seconds.
Begin MonoManager ReloadAssembly
Native extension for WindowsStandalone target not found
Refreshing native plugins compatible for Editor in 153.19 ms, found 3 plugins.
Preloading 0 native plugins for Editor in 0.00 ms.
Mono: successfully reloaded assembly
- Completed reload, in  2.551 seconds
Platform modules already initialized, skipping
========================================================================
Worker process is ready to serve import requests
Shader 'Universal Render Pipeline/Particles/Lit': fallback shader 'Universal Render Pipeline/Particles/SimpleLit' not found
Launched and connected shader compiler UnityShaderCompiler.exe after 0.08 seconds
Refreshing native plugins compatible for Editor in 2.07 ms, found 3 plugins.
Preloading 0 native plugins for Editor in 0.00 ms.
Unloading 3813 Unused Serialized files (Serialized files now loaded: 0)
System memory in use before: 158.5 MB.
System memory in use after: 158.7 MB.

Unloading 102 unused Assets to reduce memory usage. Loaded Objects now: 4185.
Total: 5.134000 ms (FindLiveObjects: 0.554600 ms CreateObjectMapping: 0.349800 ms MarkObjects: 4.064700 ms  DeleteObjects: 0.162800 ms)

========================================================================
Received Import Request.
  path: Assets/Scriptable/PList.asset
  artifactKey: Guid(8ee467ae59e82ff4d957315a1cc6cc85) Importer(815301076,1909f56bfc062723c751e8b465ee728b)
Start importing Assets/Scriptable/PList.asset using Guid(8ee467ae59e82ff4d957315a1cc6cc85) Importer(815301076,1909f56bfc062723c751e8b465ee728b)  -> (artifact id: 'a19f619f4723328d609734ebe4e024cf') in 0.051522 seconds
  Import took 0.061260 seconds .

========================================================================
Received Import Request.
  Time since last request: 181.121174 seconds.
  path: Assets/Scripts
  artifactKey: Guid(093a3f350b0b57e4ea13e7989dda5553) Importer(815301076,1909f56bfc062723c751e8b465ee728b)
Start importing Assets/Scripts using Guid(093a3f350b0b57e4ea13e7989dda5553) Importer(815301076,1909f56bfc062723c751e8b465ee728b)  -> (artifact id: '093d4bb75c006f26858f1d52f1456469') in 0.013228 seconds
  Import took 0.025653 seconds .

========================================================================
Received Import Request.
  Time since last request: 0.008026 seconds.
  path: Assets/Scripts
  artifactKey: Guid(093a3f350b0b57e4ea13e7989dda5553) Importer(815301076,1909f56bfc062723c751e8b465ee728b)
Start importing Assets/Scripts using Guid(093a3f350b0b57e4ea13e7989dda5553) Importer(815301076,1909f56bfc062723c751e8b465ee728b)  -> (artifact id: '093d4bb75c006f26858f1d52f1456469') in 0.003361 seconds
  Import took 0.015580 seconds .

========================================================================
Received Import Request.
  Time since last request: 10.383109 seconds.
  path: Assets/Scripts/DataBank.cs
  artifactKey: Guid(0ec0fc5dcf960d94eb44c429589e003b) Importer(815301076,1909f56bfc062723c751e8b465ee728b)
Start importing Assets/Scripts/DataBank.cs using Guid(0ec0fc5dcf960d94eb44c429589e003b) Importer(815301076,1909f56bfc062723c751e8b465ee728b)  -> (artifact id: 'e0737bfd480db676560722bd129c46da') in 0.016752 seconds
  Import took 0.026697 seconds .

========================================================================
Received Import Request.
  Time since last request: 0.000471 seconds.
  path: Assets/Scripts/DataBank.cs
  artifactKey: Guid(0ec0fc5dcf960d94eb44c429589e003b) Importer(815301076,1909f56bfc062723c751e8b465ee728b)
Start importing Assets/Scripts/DataBank.cs using Guid(0ec0fc5dcf960d94eb44c429589e003b) Importer(815301076,1909f56bfc062723c751e8b465ee728b)  -> (artifact id: 'e0737bfd480db676560722bd129c46da') in 0.003360 seconds
  Import took 0.016060 seconds .

========================================================================
Received Import Request.
  Time since last request: 1.124937 seconds.
  path: Assets/Scripts/Player
  artifactKey: Guid(16aa02aa3fca5b241a505a75ec79459a) Importer(815301076,1909f56bfc062723c751e8b465ee728b)
Start importing Assets/Scripts/Player using Guid(16aa02aa3fca5b241a505a75ec79459a) Importer(815301076,1909f56bfc062723c751e8b465ee728b)  -> (artifact id: '1bef9113f8f64ecf069016e8ce21230c') in 0.016162 seconds
  Import took 0.029286 seconds .

========================================================================
Received Import Request.
  Time since last request: 1.915080 seconds.
  path: Assets/Scripts/Player/PlayerStats.cs
  artifactKey: Guid(d519ed73842442678c09c130b8b4a3fc) Importer(815301076,1909f56bfc062723c751e8b465ee728b)
Start importing Assets/Scripts/Player/PlayerStats.cs using Guid(d519ed73842442678c09c130b8b4a3fc) Importer(815301076,1909f56bfc062723c751e8b465ee728b)  -> (artifact id: 'f95c72100c127e6ca192008d9e67944f') in 0.012736 seconds
  Import took 0.022667 seconds .

========================================================================
Received Import Request.
  Time since last request: 0.043778 seconds.
  path: Assets/Scripts/Player/PlayerStats.cs
  artifactKey: Guid(d519ed73842442678c09c130b8b4a3fc) Importer(815301076,1909f56bfc062723c751e8b465ee728b)
Start importing Assets/Scripts/Player/PlayerStats.cs using Guid(d519ed73842442678c09c130b8b4a3fc) Importer(815301076,1909f56bfc062723c751e8b465ee728b)  -> (artifact id: 'f95c72100c127e6ca192008d9e67944f') in 0.003786 seconds
  Import took 0.015438 seconds .

========================================================================
Received Import Request.
  Time since last request: 1015.842747 seconds.
  path: Assets/Scripts/Player/PlayerStats.cs
  artifactKey: Guid(d519ed73842442678c09c130b8b4a3fc) Importer(815301076,1909f56bfc062723c751e8b465ee728b)
Start importing Assets/Scripts/Player/PlayerStats.cs using Guid(d519ed73842442678c09c130b8b4a3fc) Importer(815301076,1909f56bfc062723c751e8b465ee728b)  -> (artifact id: '5bb7059a6305c1f7a99c2ff44baf3648') in 0.019127 seconds
  Import took 0.034443 seconds .

========================================================================
Received Prepare
Registering precompiled user dll's ...
Registered in 0.018272 seconds.
Begin MonoManager ReloadAssembly
Native extension for WindowsStandalone target not found
Refreshing native plugins compatible for Editor in 2.20 ms, found 3 plugins.
Preloading 0 native plugins for Editor in 0.00 ms.
Mono: successfully reloaded assembly
- Completed reload, in  2.312 seconds
Platform modules already initialized, skipping
Shader 'Universal Render Pipeline/Particles/Lit': fallback shader 'Universal Render Pipeline/Particles/SimpleLit' not found
Refreshing native plugins compatible for Editor in 2.13 ms, found 3 plugins.
Preloading 0 native plugins for Editor in 0.00 ms.
Unloading 3684 Unused Serialized files (Serialized files now loaded: 0)
System memory in use before: 149.6 MB.
System memory in use after: 149.8 MB.

Unloading 94 unused Assets to reduce memory usage. Loaded Objects now: 4189.
Total: 5.284300 ms (FindLiveObjects: 0.634500 ms CreateObjectMapping: 0.387000 ms MarkObjects: 4.156700 ms  DeleteObjects: 0.104200 ms)

========================================================================
Received Prepare
Registering precompiled user dll's ...
Registered in 0.013272 seconds.
Begin MonoManager ReloadAssembly
Native extension for WindowsStandalone target not found
Refreshing native plugins compatible for Editor in 2.21 ms, found 3 plugins.
Preloading 0 native plugins for Editor in 0.00 ms.
Mono: successfully reloaded assembly
- Completed reload, in  2.380 seconds
Platform modules already initialized, skipping
Shader 'Universal Render Pipeline/Particles/Lit': fallback shader 'Universal Render Pipeline/Particles/SimpleLit' not found
Refreshing native plugins compatible for Editor in 2.24 ms, found 3 plugins.
Preloading 0 native plugins for Editor in 0.00 ms.
Unloading 3684 Unused Serialized files (Serialized files now loaded: 0)
System memory in use before: 149.7 MB.
System memory in use after: 149.9 MB.

Unloading 94 unused Assets to reduce memory usage. Loaded Objects now: 4193.
Total: 5.016100 ms (FindLiveObjects: 0.579200 ms CreateObjectMapping: 0.379600 ms MarkObjects: 3.985600 ms  DeleteObjects: 0.069500 ms)

========================================================================
Received Prepare
Registering precompiled user dll's ...
Registered in 0.013310 seconds.
Begin MonoManager ReloadAssembly
Native extension for WindowsStandalone target not found
Refreshing native plugins compatible for Editor in 2.45 ms, found 3 plugins.
Preloading 0 native plugins for Editor in 0.00 ms.
Mono: successfully reloaded assembly
- Completed reload, in  2.317 seconds
Platform modules already initialized, skipping
Shader 'Universal Render Pipeline/Particles/Lit': fallback shader 'Universal Render Pipeline/Particles/SimpleLit' not found
Refreshing native plugins compatible for Editor in 2.20 ms, found 3 plugins.
Preloading 0 native plugins for Editor in 0.00 ms.
Unloading 3684 Unused Serialized files (Serialized files now loaded: 0)
System memory in use before: 149.7 MB.
System memory in use after: 150.0 MB.

Unloading 94 unused Assets to reduce memory usage. Loaded Objects now: 4197.
Total: 4.903800 ms (FindLiveObjects: 0.549100 ms CreateObjectMapping: 0.373700 ms MarkObjects: 3.914100 ms  DeleteObjects: 0.065100 ms)

========================================================================
Received Import Request.
  Time since last request: 57.368833 seconds.
  path: Assets/Scripts/Player/PlayerStats.cs
  artifactKey: Guid(d519ed73842442678c09c130b8b4a3fc) Importer(815301076,1909f56bfc062723c751e8b465ee728b)
Start importing Assets/Scripts/Player/PlayerStats.cs using Guid(d519ed73842442678c09c130b8b4a3fc) Importer(815301076,1909f56bfc062723c751e8b465ee728b)  -> (artifact id: 'ceaf6ae71ae990c20a9b7dc1a0f1c310') in 0.011356 seconds
  Import took 0.021330 seconds .

========================================================================
Received Import Request.
  Time since last request: 4.918366 seconds.
  path: Assets/Scripts/Player/PlayerStats.cs
  artifactKey: Guid(d519ed73842442678c09c130b8b4a3fc) Importer(815301076,1909f56bfc062723c751e8b465ee728b)
Start importing Assets/Scripts/Player/PlayerStats.cs using Guid(d519ed73842442678c09c130b8b4a3fc) Importer(815301076,1909f56bfc062723c751e8b465ee728b)  -> (artifact id: 'ceaf6ae71ae990c20a9b7dc1a0f1c310') in 0.004071 seconds
  Import took 0.014663 seconds .

========================================================================
Received Prepare
Registering precompiled user dll's ...
Registered in 0.013781 seconds.
Begin MonoManager ReloadAssembly
Native extension for WindowsStandalone target not found
Refreshing native plugins compatible for Editor in 2.20 ms, found 3 plugins.
Preloading 0 native plugins for Editor in 0.00 ms.
Mono: successfully reloaded assembly
- Completed reload, in  2.206 seconds
Platform modules already initialized, skipping
Shader 'Universal Render Pipeline/Particles/Lit': fallback shader 'Universal Render Pipeline/Particles/SimpleLit' not found
Refreshing native plugins compatible for Editor in 2.20 ms, found 3 plugins.
Preloading 0 native plugins for Editor in 0.00 ms.
Unloading 3684 Unused Serialized files (Serialized files now loaded: 0)
System memory in use before: 149.7 MB.
System memory in use after: 150.0 MB.

Unloading 94 unused Assets to reduce memory usage. Loaded Objects now: 4201.
Total: 5.208200 ms (FindLiveObjects: 0.811600 ms CreateObjectMapping: 0.381900 ms MarkObjects: 3.947700 ms  DeleteObjects: 0.065000 ms)

========================================================================
Received Prepare
Registering precompiled user dll's ...
Registered in 0.018027 seconds.
Begin MonoManager ReloadAssembly
Native extension for WindowsStandalone target not found
Refreshing native plugins compatible for Editor in 3.70 ms, found 3 plugins.
Preloading 0 native plugins for Editor in 0.00 ms.
Mono: successfully reloaded assembly
- Completed reload, in  2.707 seconds
Platform modules already initialized, skipping
Shader 'Universal Render Pipeline/Particles/Lit': fallback shader 'Universal Render Pipeline/Particles/SimpleLit' not found
Refreshing native plugins compatible for Editor in 2.22 ms, found 3 plugins.
Preloading 0 native plugins for Editor in 0.00 ms.
Unloading 3684 Unused Serialized files (Serialized files now loaded: 0)
System memory in use before: 149.8 MB.
System memory in use after: 150.0 MB.

Unloading 94 unused Assets to reduce memory usage. Loaded Objects now: 4205.
Total: 5.033800 ms (FindLiveObjects: 0.596500 ms CreateObjectMapping: 0.344900 ms MarkObjects: 4.014400 ms  DeleteObjects: 0.076400 ms)

========================================================================
Received Prepare
Registering precompiled user dll's ...
Registered in 0.012518 seconds.
Begin MonoManager ReloadAssembly
Native extension for WindowsStandalone target not found
Refreshing native plugins compatible for Editor in 2.33 ms, found 3 plugins.
Preloading 0 native plugins for Editor in 0.00 ms.
Mono: successfully reloaded assembly
- Completed reload, in  2.301 seconds
Platform modules already initialized, skipping
Shader 'Universal Render Pipeline/Particles/Lit': fallback shader 'Universal Render Pipeline/Particles/SimpleLit' not found
Refreshing native plugins compatible for Editor in 2.18 ms, found 3 plugins.
Preloading 0 native plugins for Editor in 0.00 ms.
Unloading 3684 Unused Serialized files (Serialized files now loaded: 0)
System memory in use before: 149.8 MB.
System memory in use after: 150.0 MB.

Unloading 94 unused Assets to reduce memory usage. Loaded Objects now: 4209.
Total: 6.559100 ms (FindLiveObjects: 0.538000 ms CreateObjectMapping: 0.352800 ms MarkObjects: 5.598000 ms  DeleteObjects: 0.068700 ms)

========================================================================
Received Prepare
Registering precompiled user dll's ...
Registered in 0.012973 seconds.
Begin MonoManager ReloadAssembly
Native extension for WindowsStandalone target not found
Refreshing native plugins compatible for Editor in 2.27 ms, found 3 plugins.
Preloading 0 native plugins for Editor in 0.00 ms.
Mono: successfully reloaded assembly
- Completed reload, in  2.233 seconds
Platform modules already initialized, skipping
Shader 'Universal Render Pipeline/Particles/Lit': fallback shader 'Universal Render Pipeline/Particles/SimpleLit' not found
Refreshing native plugins compatible for Editor in 2.20 ms, found 3 plugins.
Preloading 0 native plugins for Editor in 0.00 ms.
Unloading 3684 Unused Serialized files (Serialized files now loaded: 0)
System memory in use before: 149.8 MB.
System memory in use after: 150.0 MB.

Unloading 94 unused Assets to reduce memory usage. Loaded Objects now: 4213.
Total: 5.205500 ms (FindLiveObjects: 0.614500 ms CreateObjectMapping: 0.370400 ms MarkObjects: 4.146100 ms  DeleteObjects: 0.072600 ms)

========================================================================
Received Import Request.
  Time since last request: 990.099426 seconds.
  path: Assets/EasyMobile/Demo
  artifactKey: Guid(c63ae6f3ff0c24095bc5a4a7e5322baf) Importer(815301076,1909f56bfc062723c751e8b465ee728b)
Start importing Assets/EasyMobile/Demo using Guid(c63ae6f3ff0c24095bc5a4a7e5322baf) Importer(815301076,1909f56bfc062723c751e8b465ee728b)  -> (artifact id: 'fb68e9395e1834e119573f2af8192e81') in 0.027295 seconds
  Import took 0.039518 seconds .

========================================================================
Received Prepare
Registering precompiled user dll's ...
Registered in 0.013245 seconds.
Begin MonoManager ReloadAssembly
Native extension for WindowsStandalone target not found
Refreshing native plugins compatible for Editor in 2.21 ms, found 3 plugins.
Preloading 0 native plugins for Editor in 0.00 ms.
Mono: successfully reloaded assembly
- Completed reload, in  2.212 seconds
Platform modules already initialized, skipping
Shader 'Universal Render Pipeline/Particles/Lit': fallback shader 'Universal Render Pipeline/Particles/SimpleLit' not found
Refreshing native plugins compatible for Editor in 2.28 ms, found 3 plugins.
Preloading 0 native plugins for Editor in 0.00 ms.
Unloading 3638 Unused Serialized files (Serialized files now loaded: 0)
System memory in use before: 148.8 MB.
System memory in use after: 149.0 MB.

Unloading 140 unused Assets to reduce memory usage. Loaded Objects now: 4171.
Total: 7.042700 ms (FindLiveObjects: 0.555100 ms CreateObjectMapping: 0.385700 ms MarkObjects: 6.009300 ms  DeleteObjects: 0.091200 ms)

========================================================================
Received Import Request.
  Time since last request: 19.976438 seconds.
  path: Assets/EasyMobile/USER_GUIDE.pdf
  artifactKey: Guid(d964a4875b321405dbd16fed11400852) Importer(815301076,1909f56bfc062723c751e8b465ee728b)
Start importing Assets/EasyMobile/USER_GUIDE.pdf using Guid(d964a4875b321405dbd16fed11400852) Importer(815301076,1909f56bfc062723c751e8b465ee728b)  -> (artifact id: 'e10c3ff6e743c9fc4c73b549f08650df') in 0.050637 seconds
  Import took 0.061171 seconds .

========================================================================
Received Prepare
Registering precompiled user dll's ...
Registered in 0.016820 seconds.
Begin MonoManager ReloadAssembly
Native extension for WindowsStandalone target not found
Refreshing native plugins compatible for Editor in 2.35 ms, found 3 plugins.
Preloading 0 native plugins for Editor in 0.00 ms.
Mono: successfully reloaded assembly
- Completed reload, in  2.333 seconds
Platform modules already initialized, skipping
Shader 'Universal Render Pipeline/Particles/Lit': fallback shader 'Universal Render Pipeline/Particles/SimpleLit' not found
Refreshing native plugins compatible for Editor in 3.90 ms, found 3 plugins.
Preloading 0 native plugins for Editor in 0.00 ms.
Unloading 3638 Unused Serialized files (Serialized files now loaded: 0)
System memory in use before: 148.4 MB.
System memory in use after: 148.7 MB.

Unloading 94 unused Assets to reduce memory usage. Loaded Objects now: 4175.
Total: 4.762500 ms (FindLiveObjects: 0.537200 ms CreateObjectMapping: 0.347200 ms MarkObjects: 3.805700 ms  DeleteObjects: 0.070700 ms)

========================================================================
Received Prepare
Registering precompiled user dll's ...
Registered in 0.013070 seconds.
Begin MonoManager ReloadAssembly
Native extension for WindowsStandalone target not found
Refreshing native plugins compatible for Editor in 2.17 ms, found 3 plugins.
Preloading 0 native plugins for Editor in 0.00 ms.
Mono: successfully reloaded assembly
- Completed reload, in  2.575 seconds
Platform modules already initialized, skipping
Shader 'Universal Render Pipeline/Particles/Lit': fallback shader 'Universal Render Pipeline/Particles/SimpleLit' not found
Refreshing native plugins compatible for Editor in 2.25 ms, found 3 plugins.
Preloading 0 native plugins for Editor in 0.00 ms.
Unloading 3638 Unused Serialized files (Serialized files now loaded: 0)
System memory in use before: 148.4 MB.
System memory in use after: 148.7 MB.

Unloading 94 unused Assets to reduce memory usage. Loaded Objects now: 4179.
Total: 5.969900 ms (FindLiveObjects: 0.867500 ms CreateObjectMapping: 0.494200 ms MarkObjects: 4.530000 ms  DeleteObjects: 0.076100 ms)

AssetImportWorkerClient::OnTransportError - code=2 error=End of file
